<?xml version="1.0" encoding="UTF-8"?>
<!-- Generated by org.testng.reporters.JUnitXMLReporter -->
<testsuite ignored="0" hostname="DESKTOP-6FVONUR" failures="0" tests="4" name="MyTests" time="79.42" errors="0" timestamp="2025-07-25T13:04:57 IST">
  <testcase classname="com.crm.qa.testcases.LoginPageTest" name="verifyLogoTest" time="0.038"/>
  <testcase classname="com.crm.qa.testcases.LoginPageTest" name="loginTest" time="16.617"/>
  <testcase classname="com.crm.qa.testcases.HomePageTest" name="verifyHomepageTitle" time="3.44"/>
  <testcase classname="com.crm.qa.testcases.HomePageTest" name="AdminOnClickTest" time="6.642"/>
</testsuite> <!-- MyTests -->
