<?xml version="1.0" encoding="UTF-8"?>
<!-- Generated by org.testng.reporters.JUnitXMLReporter -->
<testsuite ignored="0" hostname="DESKTOP-6FVONUR" failures="0" tests="5" name="MyTests" time="73.872" errors="0" timestamp="2025-06-25T13:15:26 IST">
  <testcase classname="com.crm.qa.testcases.LoginPageTest" name="loginTest" time="2.788"/>
  <testcase classname="com.crm.qa.testcases.HomePageTest" name="AdminOnClickTest" time="2.999"/>
  <testcase classname="com.crm.qa.testcases.PimPageTest" name="PimOnClick" time="6.402"/>
  <testcase classname="com.crm.qa.testcases.PimPageTest" name="PimOnClick" time="6.614"/>
  <testcase classname="com.crm.qa.testcases.PimPageTest" name="PimOnClick" time="6.604"/>
</testsuite> <!-- MyTests -->
