<?xml version="1.0" encoding="UTF-8"?>
<!-- Generated by org.testng.reporters.JUnitXMLReporter -->
<testsuite ignored="0" hostname="DESKTOP-6FVONUR" failures="0" tests="9" name="testng test" time="29.49" errors="0" timestamp="2025-04-17T09:41:52 IST">
  <testcase classname="tests.Facebook" name="facebookopen" time="7.794"/>
  <testcase classname="tests.Facebook" name="login" time="2.544"/>
  <testcase classname="tests.Facebook" name="logout" time="3.253"/>
  <testcase classname="tests.FlipkartTest" name="openFlipkart" time="7.388"/>
  <testcase classname="tests.Orange" name="openapp" time="8.064"/>
  <testcase classname="tests.Orange" name="title" time="0.01"/>
  <testcase classname="tests.Orange" name="loginapp" time="0.01"/>
  <testcase classname="tests.Orange" name="logoutapp" time="0.002"/>
  <testcase classname="tests.Orange" name="close" time="0.32"/>
</testsuite> <!-- testng test -->
