<?xml version="1.0" encoding="UTF-8"?>
<!-- Generated by org.testng.reporters.JUnitXMLReporter -->
<testsuite ignored="0" hostname="DESKTOP-6FVONUR" failures="0" tests="5" name="MyTests" time="102.027" errors="0" timestamp="2025-06-26T10:39:10 IST">
  <testcase classname="com.crm.qa.testcases.LoginPageTest" name="loginTest" time="5.413"/>
  <testcase classname="com.crm.qa.testcases.HomePageTest" name="AdminOnClickTest" time="4.096"/>
  <testcase classname="com.crm.qa.testcases.PimPageTest" name="PimOnClick" time="6.702"/>
  <testcase classname="com.crm.qa.testcases.PimPageTest" name="PimOnClick" time="7.611"/>
  <testcase classname="com.crm.qa.testcases.PimPageTest" name="PimOnClick" time="6.676"/>
</testsuite> <!-- MyTests -->
