<?xml version="1.0" encoding="UTF-8"?>
<!-- Generated by org.testng.reporters.JUnitXMLReporter -->
<testsuite ignored="0" hostname="DESKTOP-6FVONUR" failures="0" tests="5" name="MyTests" time="105.29" errors="0" timestamp="2025-06-26T18:56:07 IST">
  <testcase classname="com.crm.qa.testcases.LoginPageTest" name="loginTest" time="6.648"/>
  <testcase classname="com.crm.qa.testcases.HomePageTest" name="AdminOnClickTest" time="10.723"/>
  <testcase classname="com.crm.qa.testcases.PimPageTest" name="PimOnClick" time="6.97"/>
  <testcase classname="com.crm.qa.testcases.PimPageTest" name="PimOnClick" time="6.558"/>
  <testcase classname="com.crm.qa.testcases.PimPageTest" name="PimOnClick" time="6.385"/>
</testsuite> <!-- MyTests -->
