<?xml version="1.0" encoding="UTF-8"?>
<testng-results ignored="0" total="5" passed="5" failed="0" skipped="0">
  <reporter-output>
  </reporter-output>
  <suite started-at="2025-06-26T18:54:21 IST" name="MySuite" finished-at="2025-06-26T18:56:06 IST" duration-ms="105290">
    <groups>
    </groups>
    <test started-at="2025-06-26T18:54:21 IST" name="MyTests" finished-at="2025-06-26T18:56:06 IST" duration-ms="105290">
      <class name="com.crm.qa.testcases.HomePageTest">
        <test-method is-config="true" signature="callUp()[pri:0, instance:com.crm.qa.testcases.HomePageTest@5b799640]" started-at="2025-06-26T18:54:38 IST" name="callUp" finished-at="2025-06-26T18:54:49 IST" duration-ms="10372" status="PASS">
          <reporter-output>
          </reporter-output>
        </test-method> <!-- callUp -->
        <test-method signature="AdminOnClickTest()[pri:1, instance:com.crm.qa.testcases.HomePageTest@5b799640]" started-at="2025-06-26T18:54:49 IST" name="AdminOnClickTest" finished-at="2025-06-26T18:54:59 IST" duration-ms="10723" status="PASS">
          <reporter-output>
          </reporter-output>
        </test-method> <!-- AdminOnClickTest -->
        <test-method is-config="true" signature="tearDown()[pri:0, instance:com.crm.qa.testcases.HomePageTest@5b799640]" started-at="2025-06-26T18:54:59 IST" name="tearDown" finished-at="2025-06-26T18:55:00 IST" duration-ms="402" status="PASS">
          <reporter-output>
          </reporter-output>
        </test-method> <!-- tearDown -->
      </class> <!-- com.crm.qa.testcases.HomePageTest -->
      <class name="com.crm.qa.testcases.LoginPageTest">
        <test-method is-config="true" signature="setUpandCallLoginMethod()[pri:0, instance:com.crm.qa.testcases.LoginPageTest@4d1c005e]" started-at="2025-06-26T18:54:21 IST" name="setUpandCallLoginMethod" finished-at="2025-06-26T18:54:31 IST" duration-ms="10430" status="PASS">
          <reporter-output>
          </reporter-output>
        </test-method> <!-- setUpandCallLoginMethod -->
        <test-method signature="loginTest()[pri:0, instance:com.crm.qa.testcases.LoginPageTest@4d1c005e]" started-at="2025-06-26T18:54:31 IST" name="loginTest" finished-at="2025-06-26T18:54:38 IST" duration-ms="6648" status="PASS">
          <reporter-output>
          </reporter-output>
        </test-method> <!-- loginTest -->
        <test-method is-config="true" signature="tearDown()[pri:0, instance:com.crm.qa.testcases.LoginPageTest@4d1c005e]" started-at="2025-06-26T18:54:38 IST" name="tearDown" finished-at="2025-06-26T18:54:38 IST" duration-ms="350" status="PASS">
          <reporter-output>
          </reporter-output>
        </test-method> <!-- tearDown -->
      </class> <!-- com.crm.qa.testcases.LoginPageTest -->
      <class name="com.crm.qa.testcases.PimPageTest">
        <test-method is-config="true" signature="callUp()[pri:0, instance:com.crm.qa.testcases.PimPageTest@6cb107fd]" started-at="2025-06-26T18:55:01 IST" name="callUp" finished-at="2025-06-26T18:55:21 IST" duration-ms="20230" status="PASS">
          <reporter-output>
          </reporter-output>
        </test-method> <!-- callUp -->
        <test-method signature="PimOnClick(java.lang.String,java.lang.String,java.lang.String)[pri:1, instance:com.crm.qa.testcases.PimPageTest@6cb107fd]" started-at="2025-06-26T18:55:21 IST" name="PimOnClick" data-provider="getOrangeTestData" finished-at="2025-06-26T18:55:28 IST" duration-ms="6970" status="PASS">
          <params>
            <param index="0">
              <value>
                <![CDATA[Rahul]]>
              </value>
            </param>
            <param index="1">
              <value>
                <![CDATA[KL]]>
              </value>
            </param>
            <param index="2">
              <value>
                <![CDATA[King]]>
              </value>
            </param>
          </params>
          <reporter-output>
          </reporter-output>
        </test-method> <!-- PimOnClick -->
        <test-method is-config="true" signature="tearDown()[pri:0, instance:com.crm.qa.testcases.PimPageTest@6cb107fd]" started-at="2025-06-26T18:55:28 IST" name="tearDown" finished-at="2025-06-26T18:55:29 IST" duration-ms="414" status="PASS">
          <reporter-output>
          </reporter-output>
        </test-method> <!-- tearDown -->
        <test-method is-config="true" signature="callUp()[pri:0, instance:com.crm.qa.testcases.PimPageTest@6cb107fd]" started-at="2025-06-26T18:55:29 IST" name="callUp" finished-at="2025-06-26T18:55:42 IST" duration-ms="13005" status="PASS">
          <reporter-output>
          </reporter-output>
        </test-method> <!-- callUp -->
        <test-method signature="PimOnClick(java.lang.String,java.lang.String,java.lang.String)[pri:1, instance:com.crm.qa.testcases.PimPageTest@6cb107fd]" started-at="2025-06-26T18:55:42 IST" name="PimOnClick" data-provider="getOrangeTestData" finished-at="2025-06-26T18:55:48 IST" duration-ms="6558" status="PASS">
          <params>
            <param index="0">
              <value>
                <![CDATA[Naga]]>
              </value>
            </param>
            <param index="1">
              <value>
                <![CDATA[Kalyan]]>
              </value>
            </param>
            <param index="2">
              <value>
                <![CDATA[Peter]]>
              </value>
            </param>
          </params>
          <reporter-output>
          </reporter-output>
        </test-method> <!-- PimOnClick -->
        <test-method is-config="true" signature="tearDown()[pri:0, instance:com.crm.qa.testcases.PimPageTest@6cb107fd]" started-at="2025-06-26T18:55:48 IST" name="tearDown" finished-at="2025-06-26T18:55:49 IST" duration-ms="369" status="PASS">
          <reporter-output>
          </reporter-output>
        </test-method> <!-- tearDown -->
        <test-method is-config="true" signature="callUp()[pri:0, instance:com.crm.qa.testcases.PimPageTest@6cb107fd]" started-at="2025-06-26T18:55:49 IST" name="callUp" finished-at="2025-06-26T18:55:59 IST" duration-ms="10653" status="PASS">
          <reporter-output>
          </reporter-output>
        </test-method> <!-- callUp -->
        <test-method signature="PimOnClick(java.lang.String,java.lang.String,java.lang.String)[pri:1, instance:com.crm.qa.testcases.PimPageTest@6cb107fd]" started-at="2025-06-26T18:55:59 IST" name="PimOnClick" data-provider="getOrangeTestData" finished-at="2025-06-26T18:56:06 IST" duration-ms="6385" status="PASS">
          <params>
            <param index="0">
              <value>
                <![CDATA[Nani]]>
              </value>
            </param>
            <param index="1">
              <value>
                <![CDATA[Pawan]]>
              </value>
            </param>
            <param index="2">
              <value>
                <![CDATA[Kumar]]>
              </value>
            </param>
          </params>
          <reporter-output>
          </reporter-output>
        </test-method> <!-- PimOnClick -->
        <test-method is-config="true" signature="tearDown()[pri:0, instance:com.crm.qa.testcases.PimPageTest@6cb107fd]" started-at="2025-06-26T18:56:06 IST" name="tearDown" finished-at="2025-06-26T18:56:06 IST" duration-ms="397" status="PASS">
          <reporter-output>
          </reporter-output>
        </test-method> <!-- tearDown -->
      </class> <!-- com.crm.qa.testcases.PimPageTest -->
    </test> <!-- MyTests -->
  </suite> <!-- MySuite -->
</testng-results>
