<?xml version="1.0" encoding="UTF-8"?>
<testng-results ignored="0" total="5" passed="5" failed="0" skipped="0">
  <reporter-output>
  </reporter-output>
  <suite started-at="2025-06-26T10:37:27 IST" name="MySuite" finished-at="2025-06-26T10:39:10 IST" duration-ms="102027">
    <groups>
    </groups>
    <test started-at="2025-06-26T10:37:27 IST" name="MyTests" finished-at="2025-06-26T10:39:10 IST" duration-ms="102027">
      <class name="com.crm.qa.testcases.HomePageTest">
        <test-method is-config="true" signature="callUp()[pri:0, instance:com.crm.qa.testcases.HomePageTest@5b799640]" started-at="2025-06-26T10:37:47 IST" name="callUp" finished-at="2025-06-26T10:37:58 IST" duration-ms="11770" status="PASS">
          <reporter-output>
          </reporter-output>
        </test-method> <!-- callUp -->
        <test-method signature="AdminOnClickTest()[pri:1, instance:com.crm.qa.testcases.HomePageTest@5b799640]" started-at="2025-06-26T10:37:58 IST" name="AdminOnClickTest" finished-at="2025-06-26T10:38:02 IST" duration-ms="4096" status="PASS">
          <reporter-output>
          </reporter-output>
        </test-method> <!-- AdminOnClickTest -->
        <test-method is-config="true" signature="tearDown()[pri:0, instance:com.crm.qa.testcases.HomePageTest@5b799640]" started-at="2025-06-26T10:38:02 IST" name="tearDown" finished-at="2025-06-26T10:38:03 IST" duration-ms="256" status="PASS">
          <reporter-output>
          </reporter-output>
        </test-method> <!-- tearDown -->
      </class> <!-- com.crm.qa.testcases.HomePageTest -->
      <class name="com.crm.qa.testcases.LoginPageTest">
        <test-method is-config="true" signature="setUpandCallLoginMethod()[pri:0, instance:com.crm.qa.testcases.LoginPageTest@4d1c005e]" started-at="2025-06-26T10:37:28 IST" name="setUpandCallLoginMethod" finished-at="2025-06-26T10:37:41 IST" duration-ms="13338" status="PASS">
          <reporter-output>
          </reporter-output>
        </test-method> <!-- setUpandCallLoginMethod -->
        <test-method signature="loginTest()[pri:0, instance:com.crm.qa.testcases.LoginPageTest@4d1c005e]" started-at="2025-06-26T10:37:41 IST" name="loginTest" finished-at="2025-06-26T10:37:46 IST" duration-ms="5413" status="PASS">
          <reporter-output>
          </reporter-output>
        </test-method> <!-- loginTest -->
        <test-method is-config="true" signature="tearDown()[pri:0, instance:com.crm.qa.testcases.LoginPageTest@4d1c005e]" started-at="2025-06-26T10:37:46 IST" name="tearDown" finished-at="2025-06-26T10:37:47 IST" duration-ms="352" status="PASS">
          <reporter-output>
          </reporter-output>
        </test-method> <!-- tearDown -->
      </class> <!-- com.crm.qa.testcases.LoginPageTest -->
      <class name="com.crm.qa.testcases.PimPageTest">
        <test-method is-config="true" signature="callUp()[pri:0, instance:com.crm.qa.testcases.PimPageTest@6cb107fd]" started-at="2025-06-26T10:38:04 IST" name="callUp" finished-at="2025-06-26T10:38:16 IST" duration-ms="12305" status="PASS">
          <reporter-output>
          </reporter-output>
        </test-method> <!-- callUp -->
        <test-method signature="PimOnClick(java.lang.String,java.lang.String,java.lang.String)[pri:1, instance:com.crm.qa.testcases.PimPageTest@6cb107fd]" started-at="2025-06-26T10:38:16 IST" name="PimOnClick" data-provider="getOrangeTestData" finished-at="2025-06-26T10:38:23 IST" duration-ms="6702" status="PASS">
          <params>
            <param index="0">
              <value>
                <![CDATA[Rahul]]>
              </value>
            </param>
            <param index="1">
              <value>
                <![CDATA[KL]]>
              </value>
            </param>
            <param index="2">
              <value>
                <![CDATA[King]]>
              </value>
            </param>
          </params>
          <reporter-output>
          </reporter-output>
        </test-method> <!-- PimOnClick -->
        <test-method is-config="true" signature="tearDown()[pri:0, instance:com.crm.qa.testcases.PimPageTest@6cb107fd]" started-at="2025-06-26T10:38:23 IST" name="tearDown" finished-at="2025-06-26T10:38:23 IST" duration-ms="368" status="PASS">
          <reporter-output>
          </reporter-output>
        </test-method> <!-- tearDown -->
        <test-method is-config="true" signature="callUp()[pri:0, instance:com.crm.qa.testcases.PimPageTest@6cb107fd]" started-at="2025-06-26T10:38:23 IST" name="callUp" finished-at="2025-06-26T10:38:40 IST" duration-ms="16806" status="PASS">
          <reporter-output>
          </reporter-output>
        </test-method> <!-- callUp -->
        <test-method signature="PimOnClick(java.lang.String,java.lang.String,java.lang.String)[pri:1, instance:com.crm.qa.testcases.PimPageTest@6cb107fd]" started-at="2025-06-26T10:38:40 IST" name="PimOnClick" data-provider="getOrangeTestData" finished-at="2025-06-26T10:38:48 IST" duration-ms="7611" status="PASS">
          <params>
            <param index="0">
              <value>
                <![CDATA[Naga]]>
              </value>
            </param>
            <param index="1">
              <value>
                <![CDATA[Kalyan]]>
              </value>
            </param>
            <param index="2">
              <value>
                <![CDATA[Peter]]>
              </value>
            </param>
          </params>
          <reporter-output>
          </reporter-output>
        </test-method> <!-- PimOnClick -->
        <test-method is-config="true" signature="tearDown()[pri:0, instance:com.crm.qa.testcases.PimPageTest@6cb107fd]" started-at="2025-06-26T10:38:48 IST" name="tearDown" finished-at="2025-06-26T10:38:48 IST" duration-ms="319" status="PASS">
          <reporter-output>
          </reporter-output>
        </test-method> <!-- tearDown -->
        <test-method is-config="true" signature="callUp()[pri:0, instance:com.crm.qa.testcases.PimPageTest@6cb107fd]" started-at="2025-06-26T10:38:48 IST" name="callUp" finished-at="2025-06-26T10:39:02 IST" duration-ms="14140" status="PASS">
          <reporter-output>
          </reporter-output>
        </test-method> <!-- callUp -->
        <test-method signature="PimOnClick(java.lang.String,java.lang.String,java.lang.String)[pri:1, instance:com.crm.qa.testcases.PimPageTest@6cb107fd]" started-at="2025-06-26T10:39:02 IST" name="PimOnClick" data-provider="getOrangeTestData" finished-at="2025-06-26T10:39:09 IST" duration-ms="6676" status="PASS">
          <params>
            <param index="0">
              <value>
                <![CDATA[Nani]]>
              </value>
            </param>
            <param index="1">
              <value>
                <![CDATA[Pawan]]>
              </value>
            </param>
            <param index="2">
              <value>
                <![CDATA[Kumar]]>
              </value>
            </param>
          </params>
          <reporter-output>
          </reporter-output>
        </test-method> <!-- PimOnClick -->
        <test-method is-config="true" signature="tearDown()[pri:0, instance:com.crm.qa.testcases.PimPageTest@6cb107fd]" started-at="2025-06-26T10:39:09 IST" name="tearDown" finished-at="2025-06-26T10:39:10 IST" duration-ms="585" status="PASS">
          <reporter-output>
          </reporter-output>
        </test-method> <!-- tearDown -->
      </class> <!-- com.crm.qa.testcases.PimPageTest -->
    </test> <!-- MyTests -->
  </suite> <!-- MySuite -->
</testng-results>
