<?xml version="1.0" encoding="UTF-8"?>
<testsuite xmlns:xsi="http://www.w3.org/2001/XMLSchema-instance" xsi:noNamespaceSchemaLocation="https://maven.apache.org/surefire/maven-surefire-plugin/xsd/surefire-test-report.xsd" version="3.0.2" name="TestSuite" time="106.955" tests="5" errors="0" skipped="0" failures="0">
  <properties>
[...]
</properties>
  <testcase name="loginTest" classname="com.crm.qa.testcases.LoginPageTest" time="6.655">
    <system-err><![CDATA[SLF4J(W): No SLF4J providers were found.
SLF4J(W): Defaulting to no-operation (NOP) logger implementation
SLF4J(W): See https://www.slf4j.org/codes.html#noProviders for further details.
Starting ChromeDriver 136.0.7103.48 (8d621d9143e4526d70d688abf40651c149908708-refs/branch-heads/7103@{#1422}) on port 16628
Only local connections are allowed.
Please see https://chromedriver.chromium.org/security-considerations for suggestions on keeping ChromeDriver safe.
ChromeDriver was started successfully on port 16628.
[1750944266.022][WARNING]: This version of ChromeDriver has not been tested with Chrome version 137.
Jun 26, 2025 6:54:26 PM org.openqa.selenium.remote.ProtocolHandshake createSession
INFO: Detected dialect: W3C
]]></system-err>
  </testcase>
  <testcase name="AdminOnClickTest" classname="com.crm.qa.testcases.HomePageTest" time="10.724">
    <system-err><![CDATA[Starting ChromeDriver 136.0.7103.48 (8d621d9143e4526d70d688abf40651c149908708-refs/branch-heads/7103@{#1422}) on port 42737
Only local connections are allowed.
Please see https://chromedriver.chromium.org/security-considerations for suggestions on keeping ChromeDriver safe.
ChromeDriver was started successfully on port 42737.
[1750944279.759][WARNING]: This version of ChromeDriver has not been tested with Chrome version 137.
Jun 26, 2025 6:54:39 PM org.openqa.selenium.remote.ProtocolHandshake createSession
INFO: Detected dialect: W3C
]]></system-err>
  </testcase>
  <testcase name="PimOnClick[Rahul, KL, King](1)" classname="com.crm.qa.testcases.PimPageTest" time="6.968">
    <system-out><![CDATA[2025-06-26T13:25:00.390523800Z main ERROR Log4j API could not find a logging provider.
]]></system-out>
    <system-err><![CDATA[Starting ChromeDriver 136.0.7103.48 (8d621d9143e4526d70d688abf40651c149908708-refs/branch-heads/7103@{#1422}) on port 46276
Only local connections are allowed.
Please see https://chromedriver.chromium.org/security-considerations for suggestions on keeping ChromeDriver safe.
ChromeDriver was started successfully on port 46276.
[1750944302.543][WARNING]: This version of ChromeDriver has not been tested with Chrome version 137.
Jun 26, 2025 6:55:02 PM org.openqa.selenium.remote.ProtocolHandshake createSession
INFO: Detected dialect: W3C
]]></system-err>
  </testcase>
  <testcase name="PimOnClick[Naga, Kalyan, Peter](2)" classname="com.crm.qa.testcases.PimPageTest" time="6.557">
    <system-err><![CDATA[Starting ChromeDriver 136.0.7103.48 (8d621d9143e4526d70d688abf40651c149908708-refs/branch-heads/7103@{#1422}) on port 6034
Only local connections are allowed.
Please see https://chromedriver.chromium.org/security-considerations for suggestions on keeping ChromeDriver safe.
ChromeDriver was started successfully on port 6034.
[1750944330.170][WARNING]: This version of ChromeDriver has not been tested with Chrome version 137.
Jun 26, 2025 6:55:30 PM org.openqa.selenium.remote.ProtocolHandshake createSession
INFO: Detected dialect: W3C
]]></system-err>
  </testcase>
  <testcase name="PimOnClick[Nani, Pawan, Kumar](3)" classname="com.crm.qa.testcases.PimPageTest" time="6.385">
    <system-err><![CDATA[Starting ChromeDriver 136.0.7103.48 (8d621d9143e4526d70d688abf40651c149908708-refs/branch-heads/7103@{#1422}) on port 26201
Only local connections are allowed.
Please see https://chromedriver.chromium.org/security-considerations for suggestions on keeping ChromeDriver safe.
ChromeDriver was started successfully on port 26201.
[1750944350.146][WARNING]: This version of ChromeDriver has not been tested with Chrome version 137.
Jun 26, 2025 6:55:50 PM org.openqa.selenium.remote.ProtocolHandshake createSession
INFO: Detected dialect: W3C
]]></system-err>
  </testcase>
</testsuite>