<?xml version="1.0" encoding="UTF-8"?>
<testng-results ignored="0" total="1" passed="1" failed="0" skipped="0">
  <reporter-output>
  </reporter-output>
  <suite started-at="2025-06-26T10:08:48 IST" name="Default suite" finished-at="2025-06-26T10:09:02 IST" duration-ms="14277">
    <groups>
    </groups>
    <test started-at="2025-06-26T10:08:48 IST" name="Default test" finished-at="2025-06-26T10:09:02 IST" duration-ms="14277">
      <class name="com.crm.qa.testcases.LoginPageTest">
        <test-method is-config="true" signature="setUpandCallLoginMethod()[pri:0, instance:com.crm.qa.testcases.LoginPageTest@515c6049]" started-at="2025-06-26T10:08:48 IST" name="setUpandCallLoginMethod" finished-at="2025-06-26T10:08:56 IST" duration-ms="8322" status="PASS">
          <reporter-output>
          </reporter-output>
        </test-method> <!-- setUpandCallLoginMethod -->
        <test-method signature="loginTest()[pri:0, instance:com.crm.qa.testcases.LoginPageTest@515c6049]" started-at="2025-06-26T10:08:56 IST" name="loginTest" finished-at="2025-06-26T10:09:02 IST" duration-ms="5532" status="PASS">
          <reporter-output>
          </reporter-output>
        </test-method> <!-- loginTest -->
        <test-method is-config="true" signature="tearDown()[pri:0, instance:com.crm.qa.testcases.LoginPageTest@515c6049]" started-at="2025-06-26T10:09:02 IST" name="tearDown" finished-at="2025-06-26T10:09:02 IST" duration-ms="376" status="PASS">
          <reporter-output>
          </reporter-output>
        </test-method> <!-- tearDown -->
      </class> <!-- com.crm.qa.testcases.LoginPageTest -->
    </test> <!-- Default test -->
  </suite> <!-- Default suite -->
</testng-results>
