<?xml version="1.0" encoding="UTF-8"?>
<testng-results ignored="0" total="2" passed="2" failed="0" skipped="0">
  <reporter-output>
  </reporter-output>
  <suite started-at="2025-07-25T16:23:51 IST" name="Default suite" finished-at="2025-07-25T16:24:19 IST" duration-ms="27916">
    <groups>
    </groups>
    <test started-at="2025-07-25T16:23:51 IST" name="Default test" finished-at="2025-07-25T16:24:19 IST" duration-ms="27916">
      <class name="com.crm.qa.testcases.LoginPageTest">
        <test-method is-config="true" signature="setUpandCallLoginMethod()[pri:0, instance:com.crm.qa.testcases.LoginPageTest@639c2c1d]" started-at="2025-07-25T16:23:51 IST" name="setUpandCallLoginMethod" finished-at="2025-07-25T16:23:59 IST" duration-ms="7878" status="PASS">
          <reporter-output>
          </reporter-output>
        </test-method> <!-- setUpandCallLoginMethod -->
        <test-method signature="verifyLogoTest()[pri:1, instance:com.crm.qa.testcases.LoginPageTest@639c2c1d]" started-at="2025-07-25T16:23:59 IST" name="verifyLogoTest" finished-at="2025-07-25T16:23:59 IST" duration-ms="28" status="PASS">
          <reporter-output>
          </reporter-output>
        </test-method> <!-- verifyLogoTest -->
        <test-method is-config="true" signature="tearDown()[pri:0, instance:com.crm.qa.testcases.LoginPageTest@639c2c1d]" started-at="2025-07-25T16:23:59 IST" name="tearDown" finished-at="2025-07-25T16:23:59 IST" duration-ms="243" status="PASS">
          <reporter-output>
          </reporter-output>
        </test-method> <!-- tearDown -->
        <test-method is-config="true" signature="setUpandCallLoginMethod()[pri:0, instance:com.crm.qa.testcases.LoginPageTest@639c2c1d]" started-at="2025-07-25T16:23:59 IST" name="setUpandCallLoginMethod" finished-at="2025-07-25T16:24:08 IST" duration-ms="8743" status="PASS">
          <reporter-output>
          </reporter-output>
        </test-method> <!-- setUpandCallLoginMethod -->
        <test-method signature="loginTest()[pri:2, instance:com.crm.qa.testcases.LoginPageTest@639c2c1d]" started-at="2025-07-25T16:24:08 IST" name="loginTest" finished-at="2025-07-25T16:24:18 IST" duration-ms="10629" status="PASS">
          <reporter-output>
          </reporter-output>
        </test-method> <!-- loginTest -->
        <test-method is-config="true" signature="tearDown()[pri:0, instance:com.crm.qa.testcases.LoginPageTest@639c2c1d]" started-at="2025-07-25T16:24:18 IST" name="tearDown" finished-at="2025-07-25T16:24:19 IST" duration-ms="350" status="PASS">
          <reporter-output>
          </reporter-output>
        </test-method> <!-- tearDown -->
      </class> <!-- com.crm.qa.testcases.LoginPageTest -->
    </test> <!-- Default test -->
  </suite> <!-- Default suite -->
</testng-results>
